<?xml version="1.0" encoding="UTF-8"?>
<!-- Generated by org.testng.reporters.JUnitReportReporter -->
<testsuite hostname="7F6808" failures="0" tests="3" name="Bai9SetupTestNG.RunTestold" time="80.163" errors="0" timestamp="2022-11-29T09:57:17 CST" skipped="0">
  <testcase classname="Bai9SetupTestNG.RunTestold" name="loginSalary" time="19.545"/>
  <system-out/>
  <testcase classname="Bai9SetupTestNG.RunTestold" name="deletePermission" time="26.405"/>
  <system-out/>
  <testcase classname="Bai9SetupTestNG.RunTestold" name="createPermission" time="34.213"/>
  <system-out/>
</testsuite> <!-- Bai9SetupTestNG.RunTestold -->
